0 info it worked if it ends with ok
1 verbose cli [ '/Users/smohamed/.nvm/versions/node/v6.9.5/bin/node',
1 verbose cli   '/Users/smohamed/.nvm/versions/node/v6.9.5/bin/npm',
1 verbose cli   'run',
1 verbose cli   'build' ]
2 info using npm@3.10.10
3 info using node@v6.9.5
4 verbose run-script [ 'prebuild', 'build', 'postbuild' ]
5 info lifecycle simcim@0.0.1~prebuild: simcim@0.0.1
6 silly lifecycle simcim@0.0.1~prebuild: no script for prebuild, continuing
7 info lifecycle simcim@0.0.1~build: simcim@0.0.1
8 verbose lifecycle simcim@0.0.1~build: unsafe-perm in lifecycle true
9 verbose lifecycle simcim@0.0.1~build: PATH: /Users/smohamed/.nvm/versions/node/v6.9.5/lib/node_modules/npm/bin/node-gyp-bin:/Users/smohamed/work/bitbucket/cimsim/vscodePlugin/node_modules/.bin:/Users/smohamed/.nvm/versions/node/v6.9.5/bin:/Users/smohamed/.pyenv/shims:/Users/smohamed/.pyenv:/usr/local/bin:/usr/bin:/bin:/usr/sbin:/sbin:/usr/local/bin:/usr/bin:/bin:/usr/sbin:/sbin:/usr/local/share/dotnet:/Users/smohamed/.rvm/bin:/Users/smohamed/Android/tools:/Users/smohamed/Android/platform-tools
10 verbose lifecycle simcim@0.0.1~build: CWD: /Users/smohamed/work/bitbucket/cimsim/vscodePlugin
11 silly lifecycle simcim@0.0.1~build: Args: [ '-c',
11 silly lifecycle   './node_modules/vsce/out/vsce package -o ./build/splunkSimulation.vsix' ]
12 silly lifecycle simcim@0.0.1~build: Returned: code: 1  signal: null
13 info lifecycle simcim@0.0.1~build: Failed to exec build script
14 verbose stack Error: simcim@0.0.1 build: `./node_modules/vsce/out/vsce package -o ./build/splunkSimulation.vsix`
14 verbose stack Exit status 1
14 verbose stack     at EventEmitter.<anonymous> (/Users/smohamed/.nvm/versions/node/v6.9.5/lib/node_modules/npm/lib/utils/lifecycle.js:255:16)
14 verbose stack     at emitTwo (events.js:106:13)
14 verbose stack     at EventEmitter.emit (events.js:191:7)
14 verbose stack     at ChildProcess.<anonymous> (/Users/smohamed/.nvm/versions/node/v6.9.5/lib/node_modules/npm/lib/utils/spawn.js:40:14)
14 verbose stack     at emitTwo (events.js:106:13)
14 verbose stack     at ChildProcess.emit (events.js:191:7)
14 verbose stack     at maybeClose (internal/child_process.js:877:16)
14 verbose stack     at Process.ChildProcess._handle.onexit (internal/child_process.js:226:5)
15 verbose pkgid simcim@0.0.1
16 verbose cwd /Users/smohamed/work/bitbucket/cimsim/vscodePlugin
17 error Darwin 16.5.0
18 error argv "/Users/smohamed/.nvm/versions/node/v6.9.5/bin/node" "/Users/smohamed/.nvm/versions/node/v6.9.5/bin/npm" "run" "build"
19 error node v6.9.5
20 error npm  v3.10.10
21 error code ELIFECYCLE
22 error simcim@0.0.1 build: `./node_modules/vsce/out/vsce package -o ./build/splunkSimulation.vsix`
22 error Exit status 1
23 error Failed at the simcim@0.0.1 build script './node_modules/vsce/out/vsce package -o ./build/splunkSimulation.vsix'.
23 error Make sure you have the latest version of node.js and npm installed.
23 error If you do, this is most likely a problem with the simcim package,
23 error not with npm itself.
23 error Tell the author that this fails on your system:
23 error     ./node_modules/vsce/out/vsce package -o ./build/splunkSimulation.vsix
23 error You can get information on how to open an issue for this project with:
23 error     npm bugs simcim
23 error Or if that isn't available, you can get their info via:
23 error     npm owner ls simcim
23 error There is likely additional logging output above.
24 verbose exit [ 1, true ]
